<?xml version="1.0" encoding="UTF-8"?>
<testng-results ignored="0" total="1" passed="1" failed="0" skipped="0">
  <reporter-output>
  </reporter-output>
  <suite started-at="2023-11-08T13:43:48 IST" name="Suite" finished-at="2023-11-08T13:43:52 IST" duration-ms="4344">
    <groups>
      <group name="sanity">
        <method signature="HackerNewTest.createTaskTest()[pri:0, instance:automation.HackerNewTest@6d2a209c]" name="createTaskTest" class="automation.HackerNewTest"/>
      </group> <!-- sanity -->
    </groups>
    <test started-at="2023-11-08T13:43:48 IST" name="Test" finished-at="2023-11-08T13:43:52 IST" duration-ms="4344">
      <class name="automation.HackerNewTest">
        <test-method is-config="true" signature="launchTest()[pri:0, instance:automation.HackerNewTest@6d2a209c]" started-at="2023-11-08T13:43:48 IST" name="launchTest" finished-at="2023-11-08T13:43:52 IST" duration-ms="4126" status="PASS">
          <reporter-output>
          </reporter-output>
        </test-method> <!-- launchTest -->
        <test-method signature="createTaskTest()[pri:0, instance:automation.HackerNewTest@6d2a209c]" started-at="2023-11-08T13:43:52 IST" name="createTaskTest" finished-at="2023-11-08T13:43:52 IST" duration-ms="198" status="PASS">
          <reporter-output>
          </reporter-output>
        </test-method> <!-- createTaskTest -->
      </class> <!-- automation.HackerNewTest -->
    </test> <!-- Test -->
  </suite> <!-- Suite -->
</testng-results>
